<?xml version="1.0" encoding="UTF-8"?>
<!-- Generated by org.testng.reporters.JUnitReportReporter -->
<testsuite hostname="Shruthi" name="blazeAutomationAPI.CityName" tests="2" failures="0" timestamp="28 Dec 2021 11:47:56 GMT" time="9.285" errors="0">
  <testcase name="verifyStatusCode_withInValidCityName" time="8.506" classname="blazeAutomationAPI.CityName"/>
  <testcase name="verifyStatusCode_withValidCityName" time="0.779" classname="blazeAutomationAPI.CityName"/>
</testsuite> <!-- blazeAutomationAPI.CityName -->
