<?xml version="1.0" encoding="UTF-8"?>
<!-- Generated by org.testng.reporters.JUnitReportReporter -->
<testsuite hostname="Shruthi" name="ScratchFramework.CreateBooking" tests="1" failures="0" timestamp="27 Dec 2021 19:45:31 GMT" time="88.910" errors="0">
  <testcase name="VerifyLoginPage" time="88.910" classname="ScratchFramework.CreateBooking"/>
</testsuite> <!-- ScratchFramework.CreateBooking -->
